SF:/home/runner/work/cen207-2025-2026-8-samet-anaz-java/cen207-2025-2026-8-samet-anaz-java/password-app/src/main/java/com/ucoruh/password/PasswordManager.java
DA:439,1
DA:444,1
DA:454,1
DA:470,1
DA:480,1
DA:496,1
DA:523,1
DA:530,1
DA:539,1
DA:435,1
DA:1015,0
DA:1016,0
DA:1024,0
DA:1032,0
DA:1014,1
DA:1007,0
DA:1008,0
DA:1119,1
DA:1121,1
DA:1126,1
DA:1136,1
DA:1148,1
DA:1164,1
DA:1173,1
DA:1182,1
DA:1189,1
DA:1098,1
DA:588,1
DA:590,1
DA:592,1
DA:598,1
DA:594,1
DA:596,1
DA:604,1
DA:617,1
DA:645,1
DA:689,1
DA:714,1
DA:748,1
DA:757,1
DA:766,1
DA:774,1
DA:785,1
DA:794,1
DA:803,1
DA:823,1
DA:630,1
DA:842,1
DA:563,1
DA:567,1
DA:1102,1
DA:1542,1
DA:36,1
DA:43,1
DA:48,1
DA:53,1
DA:58,1
DA:63,1
DA:68,1
DA:73,1
DA:82,1
DA:100,1
DA:132,1
DA:177,1
DA:201,1
DA:211,1
DA:221,1
DA:232,1
DA:248,1
DA:264,1
DA:273,1
DA:286,1
DA:972,1
DA:1450,1
DA:1460,1
DA:1469,1
DA:1478,1
DA:1487,1
DA:1496,1
DA:1511,1
DA:1520,1
DA:1529,1
DA:115,1
DA:190,1
DA:347,1
DA:914,1
DA:940,1
DA:399,1
DA:414,1
DA:30,1
DA:1559,1
DA:1561,1
DA:1563,1
DA:1568,1
DA:1581,1
DA:1602,1
DA:1625,1
DA:1640,1
DA:1651,1
DA:1660,1
DA:1673,1
DA:1538,1
DA:1210,0
DA:1211,0
DA:1216,1
DA:1228,1
DA:1248,1
DA:1287,1
DA:1333,1
DA:1409,1
DA:1419,1
DA:1430,1
DA:1437,1
DA:1305,1
DA:1368,1
DA:1390,1
DA:1209,1
DA:869,1
DA:871,1
DA:878,1
DA:887,1
DA:895,1
DA:900,0
DA:867,1
DA:1044,0
DA:1045,0
DA:1046,0
DA:1055,0
DA:1070,0
DA:1043,1
DA:1,0
end_of_record
SF:/home/runner/work/cen207-2025-2026-8-samet-anaz-java/cen207-2025-2026-8-samet-anaz-java/password-app/src/main/java/com/ucoruh/password/gui/AddPasswordController.java
DA:16,1
DA:19,1
DA:22,1
DA:25,1
DA:28,1
DA:31,1
DA:37,1
DA:46,1
DA:159,1
DA:167,1
DA:111,1
DA:14,1
DA:1,0
end_of_record
SF:/home/runner/work/cen207-2025-2026-8-samet-anaz-java/cen207-2025-2026-8-samet-anaz-java/password-app/src/main/java/com/ucoruh/password/AuthManager.java
DA:28,1
DA:40,1
DA:35,1
DA:46,1
DA:75,1
DA:90,1
DA:54,1
DA:68,1
DA:102,1
DA:110,1
DA:122,1
DA:139,1
DA:148,1
DA:179,1
DA:21,1
DA:1,0
end_of_record
SF:/home/runner/work/cen207-2025-2026-8-samet-anaz-java/cen207-2025-2026-8-samet-anaz-java/password-app/src/main/java/com/ucoruh/password/AutoLoginManager.java
DA:24,1
DA:29,1
DA:34,1
DA:41,1
DA:62,1
DA:199,1
DA:219,1
DA:236,1
DA:257,1
DA:80,1
DA:92,1
DA:105,1
DA:120,1
DA:143,1
DA:20,1
DA:1,0
end_of_record
SF:/home/runner/work/cen207-2025-2026-8-samet-anaz-java/cen207-2025-2026-8-samet-anaz-java/password-app/src/main/java/com/ucoruh/password/DatabasePasswordStorage.java
DA:22,1
DA:27,1
DA:34,1
DA:79,1
DA:130,1
DA:168,1
DA:244,1
DA:272,1
DA:307,1
DA:44,1
DA:54,1
DA:16,1
DA:1,0
end_of_record
SF:/home/runner/work/cen207-2025-2026-8-samet-anaz-java/cen207-2025-2026-8-samet-anaz-java/password-app/src/main/java/com/ucoruh/password/gui/DeletePasswordController.java
DA:16,1
DA:19,1
DA:22,1
DA:25,1
DA:28,1
DA:34,1
DA:43,1
DA:76,1
DA:87,1
DA:94,1
DA:105,1
DA:149,1
DA:171,1
DA:14,1
DA:1,0
end_of_record
SF:/home/runner/work/cen207-2025-2026-8-samet-anaz-java/cen207-2025-2026-8-samet-anaz-java/password-app/src/main/java/com/ucoruh/password/gui/DialogController.java
DA:13,1
DA:18,1
DA:24,1
DA:1,0
end_of_record
SF:/home/runner/work/cen207-2025-2026-8-samet-anaz-java/cen207-2025-2026-8-samet-anaz-java/password-app/src/main/java/com/ucoruh/password/EncryptionUtil.java
DA:23,1
DA:35,1
DA:53,1
DA:95,1
DA:71,1
DA:19,1
DA:1,0
end_of_record
SF:/home/runner/work/cen207-2025-2026-8-samet-anaz-java/cen207-2025-2026-8-samet-anaz-java/password-app/src/main/java/com/ucoruh/password/FilePasswordStorage.java
DA:23,1
DA:28,1
DA:357,1
DA:35,1
DA:48,1
DA:77,1
DA:97,1
DA:146,1
DA:175,1
DA:216,1
DA:365,1
DA:374,1
DA:384,1
DA:393,1
DA:400,1
DA:16,1
DA:255,1
DA:271,0
DA:272,0
DA:273,0
DA:278,1
DA:290,1
DA:310,1
DA:328,1
DA:335,1
DA:347,1
DA:249,1
DA:1,0
end_of_record
SF:/home/runner/work/cen207-2025-2026-8-samet-anaz-java/cen207-2025-2026-8-samet-anaz-java/password-app/src/main/java/com/ucoruh/password/gui/GeneratePasswordController.java
DA:18,1
DA:21,1
DA:24,1
DA:28,1
DA:31,1
DA:34,1
DA:37,1
DA:40,1
DA:43,1
DA:46,1
DA:49,1
DA:55,1
DA:64,1
DA:86,1
DA:97,1
DA:105,1
DA:254,1
DA:270,1
DA:292,1
DA:16,1
DA:1,0
end_of_record
SF:/home/runner/work/cen207-2025-2026-8-samet-anaz-java/cen207-2025-2026-8-samet-anaz-java/password-app/src/main/java/com/ucoruh/password/PasswordGenerator.java
DA:344,1
DA:354,1
DA:364,1
DA:369,0
DA:335,1
DA:24,1
DA:30,1
DA:36,1
DA:42,1
DA:48,1
DA:59,1
DA:77,1
DA:145,1
DA:206,1
DA:249,1
DA:260,1
DA:316,1
DA:381,1
DA:435,1
DA:452,1
DA:491,1
DA:534,1
DA:169,1
DA:414,1
DA:18,1
DA:1,0
end_of_record
SF:/home/runner/work/cen207-2025-2026-8-samet-anaz-java/cen207-2025-2026-8-samet-anaz-java/password-app/src/main/java/com/ucoruh/password/InterfacePasswordStorage.java
DA:25,1
DA:32,1
DA:41,1
DA:50,1
DA:59,1
DA:69,1
DA:1,0
end_of_record
SF:/home/runner/work/cen207-2025-2026-8-samet-anaz-java/cen207-2025-2026-8-samet-anaz-java/password-app/src/main/java/com/ucoruh/password/Password.java
DA:202,1
DA:24,1
DA:29,1
DA:34,1
DA:39,1
DA:48,1
DA:61,1
DA:70,1
DA:79,1
DA:88,1
DA:97,1
DA:106,1
DA:116,1
DA:125,1
DA:132,1
DA:142,1
DA:20,1
DA:222,0
DA:223,0
DA:224,0
DA:229,1
DA:243,1
DA:267,1
DA:284,1
DA:293,1
DA:198,1
DA:152,0
DA:153,0
DA:161,1
DA:171,1
DA:180,1
DA:151,1
DA:1,0
end_of_record
SF:/home/runner/work/cen207-2025-2026-8-samet-anaz-java/cen207-2025-2026-8-samet-anaz-java/password-app/src/main/java/com/ucoruh/password/PasswordApp.java
DA:27,1
DA:144,1
DA:100,1
DA:125,1
DA:16,1
DA:1,0
end_of_record
SF:/home/runner/work/cen207-2025-2026-8-samet-anaz-java/cen207-2025-2026-8-samet-anaz-java/password-app/src/main/java/com/ucoruh/password/gui/PasswordManagerGUI.java
DA:30,1
DA:35,1
DA:40,1
DA:45,1
DA:50,1
DA:55,1
DA:60,1
DA:65,1
DA:70,1
DA:81,1
DA:88,1
DA:95,1
DA:102,1
DA:109,1
DA:116,1
DA:123,1
DA:131,1
DA:171,1
DA:369,1
DA:203,1
DA:215,1
DA:247,1
DA:413,1
DA:424,1
DA:480,1
DA:531,1
DA:605,1
DA:642,1
DA:841,1
DA:960,1
DA:1193,1
DA:25,1
DA:1,0
end_of_record
SF:/home/runner/work/cen207-2025-2026-8-samet-anaz-java/cen207-2025-2026-8-samet-anaz-java/password-app/src/main/java/com/ucoruh/password/PasswordStorageFactory.java
DA:27,1
DA:14,1
DA:1,0
end_of_record
SF:/home/runner/work/cen207-2025-2026-8-samet-anaz-java/cen207-2025-2026-8-samet-anaz-java/password-app/src/main/java/com/ucoruh/password/PlatformManager.java
DA:26,1
DA:35,1
DA:45,1
DA:54,1
DA:73,1
DA:20,1
DA:1,0
end_of_record
SF:/home/runner/work/cen207-2025-2026-8-samet-anaz-java/cen207-2025-2026-8-samet-anaz-java/password-app/src/main/java/com/ucoruh/password/StorageType.java
DA:17,1
DA:23,1
DA:13,0
DA:1,0
end_of_record
SF:/home/runner/work/cen207-2025-2026-8-samet-anaz-java/cen207-2025-2026-8-samet-anaz-java/password-app/src/main/java/com/ucoruh/password/gui/UpdatePasswordController.java
DA:16,1
DA:19,1
DA:22,1
DA:25,1
DA:28,1
DA:31,1
DA:37,1
DA:46,1
DA:79,1
DA:90,1
DA:97,1
DA:108,1
DA:188,1
DA:210,1
DA:14,1
DA:1,0
end_of_record
SF:/home/runner/work/cen207-2025-2026-8-samet-anaz-java/cen207-2025-2026-8-samet-anaz-java/password-app/src/main/java/com/ucoruh/password/gui/ViewPasswordController.java
DA:19,1
DA:22,1
DA:25,1
DA:28,1
DA:31,1
DA:37,1
DA:46,1
DA:71,1
DA:82,1
DA:89,1
DA:100,1
DA:135,1
DA:158,1
DA:17,1
DA:1,0
end_of_record
