SF:/home/runner/work/cen207-2025-2026-8-samet-anaz-java/cen207-2025-2026-8-samet-anaz-java/password-app/src/main/java/com/ucoruh/password/PasswordManager.java
DA:435,1
DA:440,1
DA:450,1
DA:466,1
DA:476,1
DA:492,1
DA:519,1
DA:526,1
DA:535,1
DA:431,1
DA:982,0
DA:983,0
DA:991,0
DA:999,0
DA:981,1
DA:974,0
DA:975,0
DA:1079,0
DA:1080,0
DA:1085,1
DA:1095,1
DA:1107,1
DA:1123,1
DA:1132,1
DA:1141,1
DA:1148,1
DA:1065,1
DA:575,0
DA:576,0
DA:577,0
DA:580,0
DA:578,0
DA:579,0
DA:586,1
DA:599,1
DA:627,1
DA:671,1
DA:696,1
DA:730,1
DA:739,1
DA:748,1
DA:756,1
DA:767,1
DA:776,1
DA:785,1
DA:805,1
DA:612,1
DA:824,1
DA:559,1
DA:563,1
DA:1069,1
DA:1501,1
DA:32,1
DA:39,1
DA:44,1
DA:49,1
DA:54,1
DA:59,1
DA:64,1
DA:69,1
DA:78,1
DA:96,1
DA:128,1
DA:173,1
DA:197,1
DA:207,1
DA:217,1
DA:228,1
DA:244,1
DA:260,1
DA:269,1
DA:282,1
DA:939,1
DA:1409,1
DA:1419,1
DA:1428,1
DA:1437,1
DA:1446,1
DA:1455,1
DA:1470,1
DA:1479,1
DA:1488,1
DA:111,1
DA:186,1
DA:343,1
DA:881,1
DA:907,1
DA:395,1
DA:410,1
DA:26,1
DA:1511,0
DA:1512,0
DA:1513,0
DA:1518,1
DA:1531,1
DA:1552,1
DA:1575,1
DA:1590,1
DA:1601,1
DA:1610,1
DA:1623,1
DA:1497,1
DA:1169,0
DA:1170,0
DA:1175,1
DA:1187,1
DA:1207,1
DA:1246,1
DA:1292,1
DA:1368,1
DA:1378,1
DA:1389,1
DA:1396,1
DA:1264,1
DA:1327,1
DA:1349,1
DA:1168,1
DA:850,0
DA:851,0
DA:853,0
DA:858,0
DA:862,0
DA:867,0
DA:849,1
DA:1011,0
DA:1012,0
DA:1013,0
DA:1022,0
DA:1037,0
DA:1010,1
DA:1,0
end_of_record
SF:/home/runner/work/cen207-2025-2026-8-samet-anaz-java/cen207-2025-2026-8-samet-anaz-java/password-app/src/main/java/com/ucoruh/password/gui/AddPasswordController.java
DA:16,1
DA:19,1
DA:22,1
DA:25,1
DA:28,1
DA:31,1
DA:37,1
DA:46,1
DA:159,1
DA:167,1
DA:111,1
DA:14,1
DA:1,0
end_of_record
SF:/home/runner/work/cen207-2025-2026-8-samet-anaz-java/cen207-2025-2026-8-samet-anaz-java/password-app/src/main/java/com/ucoruh/password/AuthManager.java
DA:24,1
DA:36,1
DA:31,1
DA:42,1
DA:70,1
DA:84,1
DA:50,1
DA:63,1
DA:96,1
DA:104,1
DA:116,1
DA:133,1
DA:142,1
DA:173,1
DA:17,1
DA:1,0
end_of_record
SF:/home/runner/work/cen207-2025-2026-8-samet-anaz-java/cen207-2025-2026-8-samet-anaz-java/password-app/src/main/java/com/ucoruh/password/AutoLoginManager.java
DA:23,1
DA:28,1
DA:33,1
DA:40,1
DA:60,1
DA:189,1
DA:209,1
DA:226,1
DA:246,1
DA:78,1
DA:90,1
DA:103,1
DA:118,1
DA:139,1
DA:19,1
DA:1,0
end_of_record
SF:/home/runner/work/cen207-2025-2026-8-samet-anaz-java/cen207-2025-2026-8-samet-anaz-java/password-app/src/main/java/com/ucoruh/password/DatabasePasswordStorage.java
DA:18,1
DA:23,1
DA:30,1
DA:75,1
DA:125,1
DA:166,1
DA:240,1
DA:267,1
DA:304,1
DA:40,1
DA:50,1
DA:12,1
DA:1,0
end_of_record
SF:/home/runner/work/cen207-2025-2026-8-samet-anaz-java/cen207-2025-2026-8-samet-anaz-java/password-app/src/main/java/com/ucoruh/password/gui/DeletePasswordController.java
DA:16,1
DA:19,1
DA:22,1
DA:25,1
DA:28,1
DA:34,1
DA:43,1
DA:76,1
DA:87,1
DA:94,1
DA:105,1
DA:149,1
DA:171,1
DA:14,1
DA:1,0
end_of_record
SF:/home/runner/work/cen207-2025-2026-8-samet-anaz-java/cen207-2025-2026-8-samet-anaz-java/password-app/src/main/java/com/ucoruh/password/gui/DialogController.java
DA:13,1
DA:18,1
DA:24,1
DA:1,0
end_of_record
SF:/home/runner/work/cen207-2025-2026-8-samet-anaz-java/cen207-2025-2026-8-samet-anaz-java/password-app/src/main/java/com/ucoruh/password/EncryptionUtil.java
DA:21,1
DA:33,1
DA:51,1
DA:93,1
DA:69,1
DA:17,1
DA:1,0
end_of_record
SF:/home/runner/work/cen207-2025-2026-8-samet-anaz-java/cen207-2025-2026-8-samet-anaz-java/password-app/src/main/java/com/ucoruh/password/FilePasswordStorage.java
DA:19,1
DA:24,1
DA:353,1
DA:31,1
DA:44,1
DA:73,1
DA:93,1
DA:142,1
DA:171,1
DA:212,1
DA:361,1
DA:370,1
DA:380,1
DA:389,1
DA:396,1
DA:12,1
DA:251,1
DA:267,0
DA:268,0
DA:269,0
DA:274,1
DA:286,1
DA:306,1
DA:324,1
DA:331,1
DA:343,1
DA:245,1
DA:1,0
end_of_record
SF:/home/runner/work/cen207-2025-2026-8-samet-anaz-java/cen207-2025-2026-8-samet-anaz-java/password-app/src/main/java/com/ucoruh/password/gui/GeneratePasswordController.java
DA:18,1
DA:21,1
DA:24,1
DA:28,1
DA:31,1
DA:34,1
DA:37,1
DA:40,1
DA:43,1
DA:46,1
DA:49,1
DA:55,1
DA:64,1
DA:86,1
DA:97,1
DA:105,1
DA:254,1
DA:270,1
DA:292,1
DA:16,1
DA:1,0
end_of_record
SF:/home/runner/work/cen207-2025-2026-8-samet-anaz-java/cen207-2025-2026-8-samet-anaz-java/password-app/src/main/java/com/ucoruh/password/PasswordGenerator.java
DA:342,1
DA:352,1
DA:362,1
DA:367,0
DA:333,1
DA:22,1
DA:28,1
DA:34,1
DA:40,1
DA:46,1
DA:57,1
DA:75,1
DA:143,1
DA:204,1
DA:247,1
DA:258,1
DA:314,1
DA:379,1
DA:433,1
DA:450,1
DA:489,1
DA:532,1
DA:167,1
DA:412,1
DA:16,1
DA:1,0
end_of_record
SF:/home/runner/work/cen207-2025-2026-8-samet-anaz-java/cen207-2025-2026-8-samet-anaz-java/password-app/src/main/java/com/ucoruh/password/InterfacePasswordStorage.java
DA:21,1
DA:28,1
DA:37,1
DA:46,1
DA:55,1
DA:65,1
DA:1,0
end_of_record
SF:/home/runner/work/cen207-2025-2026-8-samet-anaz-java/cen207-2025-2026-8-samet-anaz-java/password-app/src/main/java/com/ucoruh/password/Password.java
DA:200,1
DA:22,1
DA:27,1
DA:32,1
DA:37,1
DA:46,1
DA:59,1
DA:68,1
DA:77,1
DA:86,1
DA:95,1
DA:104,1
DA:114,1
DA:123,1
DA:130,1
DA:140,1
DA:18,1
DA:220,0
DA:221,0
DA:222,0
DA:227,1
DA:241,1
DA:265,1
DA:282,1
DA:291,1
DA:196,1
DA:150,0
DA:151,0
DA:159,1
DA:169,1
DA:178,1
DA:149,1
DA:1,0
end_of_record
SF:/home/runner/work/cen207-2025-2026-8-samet-anaz-java/cen207-2025-2026-8-samet-anaz-java/password-app/src/main/java/com/ucoruh/password/PasswordApp.java
DA:23,1
DA:140,1
DA:96,1
DA:121,1
DA:12,1
DA:1,0
end_of_record
SF:/home/runner/work/cen207-2025-2026-8-samet-anaz-java/cen207-2025-2026-8-samet-anaz-java/password-app/src/main/java/com/ucoruh/password/gui/PasswordManagerGUI.java
DA:30,1
DA:35,1
DA:40,1
DA:45,1
DA:50,1
DA:55,1
DA:60,1
DA:65,1
DA:70,1
DA:81,1
DA:88,1
DA:95,1
DA:102,1
DA:109,1
DA:116,1
DA:123,1
DA:131,1
DA:171,1
DA:369,1
DA:203,1
DA:215,1
DA:247,1
DA:413,1
DA:424,1
DA:480,1
DA:531,1
DA:605,1
DA:642,1
DA:841,1
DA:960,1
DA:1193,1
DA:25,1
DA:1,0
end_of_record
SF:/home/runner/work/cen207-2025-2026-8-samet-anaz-java/cen207-2025-2026-8-samet-anaz-java/password-app/src/main/java/com/ucoruh/password/PasswordStorageFactory.java
DA:25,1
DA:12,1
DA:1,0
end_of_record
SF:/home/runner/work/cen207-2025-2026-8-samet-anaz-java/cen207-2025-2026-8-samet-anaz-java/password-app/src/main/java/com/ucoruh/password/PlatformManager.java
DA:24,1
DA:33,1
DA:43,1
DA:52,1
DA:70,1
DA:19,1
DA:1,0
end_of_record
SF:/home/runner/work/cen207-2025-2026-8-samet-anaz-java/cen207-2025-2026-8-samet-anaz-java/password-app/src/main/java/com/ucoruh/password/StorageType.java
DA:13,1
DA:19,1
DA:9,1
DA:1,0
end_of_record
SF:/home/runner/work/cen207-2025-2026-8-samet-anaz-java/cen207-2025-2026-8-samet-anaz-java/password-app/src/main/java/com/ucoruh/password/gui/UpdatePasswordController.java
DA:16,1
DA:19,1
DA:22,1
DA:25,1
DA:28,1
DA:31,1
DA:37,1
DA:46,1
DA:79,1
DA:90,1
DA:97,1
DA:108,1
DA:188,1
DA:210,1
DA:14,1
DA:1,0
end_of_record
SF:/home/runner/work/cen207-2025-2026-8-samet-anaz-java/cen207-2025-2026-8-samet-anaz-java/password-app/src/main/java/com/ucoruh/password/gui/ViewPasswordController.java
DA:19,1
DA:22,1
DA:25,1
DA:28,1
DA:31,1
DA:37,1
DA:46,1
DA:71,1
DA:82,1
DA:89,1
DA:100,1
DA:135,1
DA:158,1
DA:17,1
DA:1,0
end_of_record
